<?xml version="1.0" encoding="UTF-8"?>
<!-- Generated by org.testng.reporters.JUnitReportReporter -->
<testsuite skipped="0" hostname="DESKTOP-CTF2I0S" name="NykaaProject.Project" tests="1" failures="0" timestamp="2023-02-08T12:36:57 IST" time="19.943" errors="0">
  <testcase name="method" time="19.943" classname="NykaaProject.Project"/>
  <system-out/>
</testsuite> <!-- NykaaProject.Project -->
