<?xml version="1.0" encoding="UTF-8"?>
<!-- Generated by org.testng.reporters.JUnitReportReporter -->
<testsuite skipped="0" hostname="DESKTOP-CTF2I0S" name="testNg.Practice" tests="3" failures="0" timestamp="2023-02-01T14:24:23 IST" time="0.036" errors="0">
  <testcase name="testmethod1" time="0.005" classname="testNg.Practice"/>
  <system-out/>
  <testcase name="testmethod" time="0.007" classname="testNg.Practice"/>
  <system-out/>
  <testcase name="method1" time="0.024" classname="testNg.Practice"/>
  <system-out/>
</testsuite> <!-- testNg.Practice -->
