<?xml version="1.0" encoding="UTF-8"?>
<!-- Generated by org.testng.reporters.JUnitReportReporter -->
<testsuite skipped="0" hostname="DESKTOP-CTF2I0S" name="testNg.DataProviderClass" tests="3" failures="0" timestamp="2023-02-06T15:38:39 IST" time="0.068" errors="0">
  <testcase name="test2" time="0.011" classname="testNg.DataProviderClass"/>
  <system-out/>
  <testcase name="test1" time="0.043" classname="testNg.DataProviderClass"/>
  <system-out/>
  <testcase name="test2" time="0.014" classname="testNg.DataProviderClass"/>
  <system-out/>
</testsuite> <!-- testNg.DataProviderClass -->
