<?xml version="1.0" encoding="UTF-8"?>
<!-- Generated by org.testng.reporters.JUnitReportReporter -->
<testsuite skipped="0" hostname="DESKTOP-CTF2I0S" name="Nykaa.NykaaProject" tests="1" failures="0" timestamp="2023-02-13T14:56:36 IST" time="70.575" errors="0">
  <testcase name="clickSkinAndFaceCream" time="70.575" classname="Nykaa.NykaaProject"/>
  <system-out/>
</testsuite> <!-- Nykaa.NykaaProject -->
