<?xml version="1.0" encoding="UTF-8"?>
<!-- Generated by org.testng.reporters.JUnitReportReporter -->
<testsuite skipped="0" hostname="DESKTOP-CTF2I0S" name="NykaaProject.Nykaa" tests="2" failures="0" timestamp="2023-02-07T13:27:29 IST" time="1.755" errors="0">
  <testcase name="clickFaceCream" time="0.070" classname="NykaaProject.Nykaa"/>
  <system-out/>
  <testcase name="clickSkinAndFaceCream" time="1.685" classname="NykaaProject.Nykaa"/>
  <system-out/>
</testsuite> <!-- NykaaProject.Nykaa -->
