<?xml version="1.0" encoding="UTF-8"?>
<!-- Generated by org.testng.reporters.JUnitReportReporter -->
<testsuite skipped="0" hostname="DESKTOP-CTF2I0S" name="NykaaProject.TestRunner" tests="2" failures="0" timestamp="2023-02-10T12:34:45 IST" time="9.369" errors="0">
  <testcase name="fbSignIn" time="1.112" classname="NykaaProject.TestRunner"/>
  <system-out/>
  <testcase name="fbSignUp" time="8.257" classname="NykaaProject.TestRunner"/>
  <system-out/>
</testsuite> <!-- NykaaProject.TestRunner -->
